<?xml version="1.0" encoding="UTF-8"?>
<coverage generated="1718777639265" clover="3.2.0">
  <project timestamp="1718777639265" name="All files">
    <metrics statements="23" coveredstatements="15" conditionals="0" coveredconditionals="0" methods="10" coveredmethods="2" elements="33" coveredelements="17" complexity="0" loc="23" ncloc="23" packages="2" files="2" classes="2"/>
    <package name="app">
      <metrics statements="17" coveredstatements="10" conditionals="0" coveredconditionals="0" methods="8" coveredmethods="1"/>
      <file name="filters.js" path="/Users/admin/Documents/NHS/GitHub/manage-vacc-campaign-22052024/app/filters.js">
        <metrics statements="17" coveredstatements="10" conditionals="0" coveredconditionals="0" methods="8" coveredmethods="1"/>
        <line num="1" count="1" type="stmt"/>
        <line num="8" count="1" type="stmt"/>
        <line num="9" count="1" type="stmt"/>
        <line num="12" count="1" type="stmt"/>
        <line num="13" count="0" type="stmt"/>
        <line num="17" count="1" type="stmt"/>
        <line num="18" count="0" type="stmt"/>
        <line num="22" count="1" type="stmt"/>
        <line num="23" count="0" type="stmt"/>
        <line num="26" count="1" type="stmt"/>
        <line num="27" count="0" type="stmt"/>
        <line num="30" count="1" type="stmt"/>
        <line num="31" count="0" type="stmt"/>
        <line num="32" count="0" type="stmt"/>
        <line num="36" count="1" type="stmt"/>
        <line num="37" count="0" type="stmt"/>
        <line num="58" count="1" type="stmt"/>
      </file>
    </package>
    <package name="lib">
      <metrics statements="6" coveredstatements="5" conditionals="0" coveredconditionals="0" methods="2" coveredmethods="1"/>
      <file name="core_filters.js" path="/Users/admin/Documents/NHS/GitHub/manage-vacc-campaign-22052024/lib/core_filters.js">
        <metrics statements="6" coveredstatements="5" conditionals="0" coveredconditionals="0" methods="2" coveredmethods="1"/>
        <line num="1" count="1" type="stmt"/>
        <line num="4" count="1" type="stmt"/>
        <line num="11" count="1" type="stmt"/>
        <line num="20" count="1" type="stmt"/>
        <line num="21" count="0" type="stmt"/>
        <line num="24" count="1" type="stmt"/>
      </file>
    </package>
  </project>
</coverage>
