TN:
SF:app/filters.js
FN:1,(anonymous_0)
FN:12,(anonymous_1)
FN:17,(anonymous_2)
FN:22,(anonymous_3)
FN:26,(anonymous_4)
FN:30,(anonymous_5)
FN:31,(anonymous_6)
FN:36,(anonymous_7)
FNF:8
FNH:1
FNDA:1,(anonymous_0)
FNDA:0,(anonymous_1)
FNDA:0,(anonymous_2)
FNDA:0,(anonymous_3)
FNDA:0,(anonymous_4)
FNDA:0,(anonymous_5)
FNDA:0,(anonymous_6)
FNDA:0,(anonymous_7)
DA:1,1
DA:8,1
DA:9,1
DA:12,1
DA:13,0
DA:17,1
DA:18,0
DA:22,1
DA:23,0
DA:26,1
DA:27,0
DA:30,1
DA:31,0
DA:32,0
DA:36,1
DA:37,0
DA:58,1
LF:17
LH:10
BRF:0
BRH:0
end_of_record
TN:
SF:lib/core_filters.js
FN:1,(anonymous_0)
FN:20,log
FNF:2
FNH:1
FNDA:1,(anonymous_0)
FNDA:0,log
DA:1,1
DA:4,1
DA:11,1
DA:20,1
DA:21,0
DA:24,1
LF:6
LH:5
BRF:0
BRH:0
end_of_record
